# JRE version: OpenJDK Runtime Environment (11.0.7+10) (build 11.0.7+10-post-Ubuntu-2ubuntu218.04)
# Java VM: OpenJDK 64-Bit Server VM (11.0.7+10-post-Ubuntu-2ubuntu218.04, mixed mode, sharing, tiered, compressed oops, g1 gc, linux-amd64)
Heap:
 garbage-first heap   total 157696K, used 20009K [0x00000000c5c00000, 0x0000000100000000)
  region size 1024K, 1 young (1024K), 1 survivors (1024K)
 Metaspace       used 22322K, capacity 22887K, committed 22960K, reserved 1069056K
  class space    used 2594K, capacity 2805K, committed 2816K, reserved 1048576K
GC Heap History (17 events):
Event: 0,659 GC heap before
{Heap before GC invocations=0 (full 0):
 garbage-first heap   total 63488K, used 15044K [0x00000000c5c00000, 0x0000000100000000)
  region size 1024K, 14 young (14336K), 0 survivors (0K)
 Metaspace       used 3899K, capacity 7093K, committed 7296K, reserved 1056768K
  class space    used 465K, capacity 792K, committed 896K, reserved 1048576K
}
Event: 0,674 GC heap after
{Heap after GC invocations=1 (full 0):
 garbage-first heap   total 63488K, used 3351K [0x00000000c5c00000, 0x0000000100000000)
  region size 1024K, 2 young (2048K), 2 survivors (2048K)
 Metaspace       used 3899K, capacity 7093K, committed 7296K, reserved 1056768K
  class space    used 465K, capacity 792K, committed 896K, reserved 1048576K
}
Event: 1,598 GC heap before
{Heap before GC invocations=1 (full 0):
 garbage-first heap   total 63488K, used 38167K [0x00000000c5c00000, 0x0000000100000000)
  region size 1024K, 36 young (36864K), 2 survivors (2048K)
 Metaspace       used 8881K, capacity 11261K, committed 11392K, reserved 1058816K
  class space    used 1114K, capacity 1386K, committed 1408K, reserved 1048576K
}
Event: 1,609 GC heap after
{Heap after GC invocations=2 (full 0):
 garbage-first heap   total 63488K, used 5065K [0x00000000c5c00000, 0x0000000100000000)
  region size 1024K, 4 young (4096K), 4 survivors (4096K)
 Metaspace       used 8881K, capacity 11261K, committed 11392K, reserved 1058816K
  class space    used 1114K, capacity 1386K, committed 1408K, reserved 1048576K
}
Event: 2,733 GC heap before
{Heap before GC invocations=2 (full 0):
 garbage-first heap   total 63488K, used 37833K [0x00000000c5c00000, 0x0000000100000000)
  region size 1024K, 36 young (36864K), 4 survivors (4096K)
 Metaspace       used 12644K, capacity 14365K, committed 14592K, reserved 1062912K
  class space    used 1499K, capacity 1728K, committed 1792K, reserved 1048576K
}
Event: 2,751 GC heap after
{Heap after GC invocations=3 (full 0):
 garbage-first heap   total 63488K, used 7497K [0x00000000c5c00000, 0x0000000100000000)
  region size 1024K, 5 young (5120K), 5 survivors (5120K)
 Metaspace       used 12644K, capacity 14365K, committed 14592K, reserved 1062912K
  class space    used 1499K, capacity 1728K, committed 1792K, reserved 1048576K
}
Event: 3,332 GC heap before
{Heap before GC invocations=3 (full 0):
 garbage-first heap   total 63488K, used 39241K [0x00000000c5c00000, 0x0000000100000000)
  region size 1024K, 36 young (36864K), 5 survivors (5120K)
 Metaspace       used 13786K, capacity 15318K, committed 15488K, reserved 1062912K
  class space    used 1597K, capacity 1832K, committed 1920K, reserved 1048576K
}
Event: 3,347 GC heap after
{Heap after GC invocations=4 (full 0):
 garbage-first heap   total 63488K, used 9402K [0x00000000c5c00000, 0x0000000100000000)
  region size 1024K, 2 young (2048K), 2 survivors (2048K)
 Metaspace       used 13786K, capacity 15318K, committed 15488K, reserved 1062912K
  class space    used 1597K, capacity 1832K, committed 1920K, reserved 1048576K
}
Event: 3,936 GC heap before
{Heap before GC invocations=4 (full 0):
 garbage-first heap   total 63488K, used 36026K [0x00000000c5c00000, 0x0000000100000000)
  region size 1024K, 29 young (29696K), 2 survivors (2048K)
 Metaspace       used 19999K, capacity 21146K, committed 21296K, reserved 1069056K
  class space    used 2370K, capacity 2593K, committed 2688K, reserved 1048576K
}
Event: 3,950 GC heap after
{Heap after GC invocations=5 (full 0):
 garbage-first heap   total 78848K, used 11090K [0x00000000c5c00000, 0x0000000100000000)
  region size 1024K, 4 young (4096K), 4 survivors (4096K)
 Metaspace       used 19999K, capacity 21146K, committed 21296K, reserved 1069056K
  class space    used 2370K, capacity 2593K, committed 2688K, reserved 1048576K
}
Event: 28,799 GC heap before
{Heap before GC invocations=6 (full 0):
 garbage-first heap   total 78848K, used 47954K [0x00000000c5c00000, 0x0000000100000000)
  region size 1024K, 41 young (41984K), 4 survivors (4096K)
 Metaspace       used 22112K, capacity 22705K, committed 22960K, reserved 1069056K
  class space    used 2570K, capacity 2788K, committed 2816K, reserved 1048576K
}
Event: 30,412 GC heap after
{Heap after GC invocations=7 (full 0):
 garbage-first heap   total 78848K, used 18640K [0x00000000c5c00000, 0x0000000100000000)
  region size 1024K, 6 young (6144K), 6 survivors (6144K)
 Metaspace       used 22112K, capacity 22705K, committed 22960K, reserved 1069056K
  class space    used 2570K, capacity 2788K, committed 2816K, reserved 1048576K
}
Event: 31,575 GC heap before
{Heap before GC invocations=7 (full 0):
 garbage-first heap   total 78848K, used 19664K [0x00000000c5c00000, 0x0000000100000000)
  region size 1024K, 7 young (7168K), 6 survivors (6144K)
 Metaspace       used 22122K, capacity 22705K, committed 22960K, reserved 1069056K
  class space    used 2570K, capacity 2788K, committed 2816K, reserved 1048576K
}
Event: 31,692 GC heap after
{Heap after GC invocations=8 (full 0):
 garbage-first heap   total 78848K, used 19528K [0x00000000c5c00000, 0x0000000100000000)
  region size 1024K, 1 young (1024K), 1 survivors (1024K)
 Metaspace       used 22122K, capacity 22705K, committed 22960K, reserved 1069056K
  class space    used 2570K, capacity 2788K, committed 2816K, reserved 1048576K
}
Event: 39,734 GC heap before
{Heap before GC invocations=8 (full 0):
 garbage-first heap   total 78848K, used 21576K [0x00000000c5c00000, 0x0000000100000000)
  region size 1024K, 3 young (3072K), 1 survivors (1024K)
 Metaspace       used 22240K, capacity 22799K, committed 22960K, reserved 1069056K
  class space    used 2587K, capacity 2798K, committed 2816K, reserved 1048576K
}
Event: 39,858 GC heap after
{Heap after GC invocations=9 (full 0):
 garbage-first heap   total 78848K, used 19808K [0x00000000c5c00000, 0x0000000100000000)
  region size 1024K, 1 young (1024K), 1 survivors (1024K)
 Metaspace       used 22240K, capacity 22799K, committed 22960K, reserved 1069056K
  class space    used 2587K, capacity 2798K, committed 2816K, reserved 1048576K
}
Event: 49,543 GC heap before
{Heap before GC invocations=9 (full 0):
 garbage-first heap   total 78848K, used 21856K [0x00000000c5c00000, 0x0000000100000000)
  region size 1024K, 3 young (3072K), 1 survivors (1024K)
 Metaspace       used 22322K, capacity 22887K, committed 22960K, reserved 1069056K
  class space    used 2594K, capacity 2805K, committed 2816K, reserved 1048576K
}

